<?xml version="1.0" encoding="UTF-8"?>
<!-- Generated by org.testng.reporters.JUnitReportReporter -->
<testsuite hostname="DESKTOP-OU2S2IO" failures="0" tests="1" name="com.gms.testcases.PartsByVehTest" time="45.467" errors="0" timestamp="2024-10-23T18:11:32 IST" skipped="0">
  <testcase classname="com.gms.testcases.PartsByVehTest" name="partsEntry" time="45.467"/>
  <system-out/>
</testsuite> <!-- com.gms.testcases.PartsByVehTest -->
