<?xml version="1.0" encoding="UTF-8"?>
<!-- Generated by org.testng.reporters.JUnitReportReporter -->
<testsuite hostname="WINDOWS-E5K9TG3" failures="0" tests="1" name="com.gms.testcases.LoginTest" time="17.966" errors="0" timestamp="2025-04-15T14:54:24 IST" skipped="0">
  <testcase classname="com.gms.testcases.LoginTest" name="loginTest" time="17.966"/>
  <system-out/>
</testsuite> <!-- com.gms.testcases.LoginTest -->
