<?xml version="1.0" encoding="UTF-8"?>
<!-- Generated by org.testng.reporters.JUnitReportReporter -->
<testsuite hostname="WINDOWS-E5K9TG3" failures="0" tests="4" name="com.gms.testcases.EstimationTest" time="37.677" errors="0" timestamp="2025-04-10T12:45:04 IST" skipped="0">
  <testcase classname="com.gms.testcases.EstimationTest" name="EstimationBtnTest" time="5.978"/>
  <system-out/>
  <testcase classname="com.gms.testcases.EstimationTest" name="jobCardTest" time="3.732"/>
  <system-out/>
  <testcase classname="com.gms.testcases.EstimationTest" name="sparesEntryTest" time="15.711"/>
  <system-out/>
  <testcase classname="com.gms.testcases.EstimationTest" name="servicesEntryTest" time="12.256"/>
  <system-out/>
</testsuite> <!-- com.gms.testcases.EstimationTest -->
