<?xml version="1.0" encoding="UTF-8"?>
<!-- Generated by org.testng.reporters.JUnitReportReporter -->
<testsuite hostname="WINDOWS-E5K9TG3" failures="0" tests="1" name="com.gms.testcases.PartsByItemTest" time="35.221" errors="0" timestamp="2025-04-01T18:36:30 IST" skipped="0">
  <testcase classname="com.gms.testcases.PartsByItemTest" name="partsEntry" time="35.221"/>
  <system-out/>
</testsuite> <!-- com.gms.testcases.PartsByItemTest -->
