<?xml version="1.0" encoding="UTF-8"?>
<!-- Generated by org.testng.reporters.JUnitReportReporter -->
<testsuite hostname="DESKTOP-OU2S2IO" failures="0" tests="1" name="com.gms.testcases.ConsumableBrandsTest" time="239.227" errors="0" timestamp="2024-10-22T17:57:06 IST" skipped="0">
  <testcase classname="com.gms.testcases.ConsumableBrandsTest" name="addNewConsBrandTest" time="239.227"/>
  <system-out/>
</testsuite> <!-- com.gms.testcases.ConsumableBrandsTest -->
