<?xml version="1.0" encoding="UTF-8"?>
<!-- Generated by org.testng.reporters.JUnitReportReporter -->
<testsuite hostname="WINDOWS-E5K9TG3" failures="0" tests="3" name="com.gms.testcases.DiscountTest" time="12.170" errors="0" timestamp="2025-04-10T12:16:21 IST" skipped="0">
  <testcase classname="com.gms.testcases.DiscountTest" name="clickDiscountBtnTest" time="3.324"/>
  <system-out/>
  <testcase classname="com.gms.testcases.DiscountTest" name="submitOverAllDiscTest" time="0.635"/>
  <system-out/>
  <testcase classname="com.gms.testcases.DiscountTest" name="submitLineitemDiscTest" time="8.211"/>
  <system-out/>
</testsuite> <!-- com.gms.testcases.DiscountTest -->
