<?xml version="1.0" encoding="UTF-8"?>
<!-- Generated by org.testng.reporters.JUnitReportReporter -->
<testsuite hostname="WINDOWS-E5K9TG3" failures="0" tests="1" name="com.gms.testcases.SearchJCTest" time="3.164" errors="0" timestamp="2025-04-04T15:34:29 IST" skipped="0">
  <testcase classname="com.gms.testcases.SearchJCTest" name="searchJCtest" time="3.164"/>
  <system-out/>
</testsuite> <!-- com.gms.testcases.SearchJCTest -->
