<?xml version="1.0" encoding="UTF-8"?>
<!-- Generated by org.testng.reporters.JUnitReportReporter -->
<testsuite hostname="WINDOWS-E5K9TG3" failures="0" tests="1" name="com.gms.testcases.ReadyTest" time="4.224" errors="0" timestamp="2025-04-10T12:16:21 IST" skipped="0">
  <testcase classname="com.gms.testcases.ReadyTest" name="clickReadyBtnTest" time="4.224"/>
  <system-out/>
</testsuite> <!-- com.gms.testcases.ReadyTest -->
