<?xml version="1.0" encoding="UTF-8"?>
<!-- Generated by org.testng.reporters.JUnitReportReporter -->
<testsuite hostname="WINDOWS-E5K9TG3" failures="0" tests="4" name="com.gms.testcases.GenerateInvoiceTest" time="71.220" errors="0" timestamp="2025-04-10T12:16:21 IST" skipped="0">
  <testcase classname="com.gms.testcases.GenerateInvoiceTest" name="clickInvoiceBtnTest" time="12.076"/>
  <system-out/>
  <testcase classname="com.gms.testcases.GenerateInvoiceTest" name="generateProformatInvTest" time="4.486"/>
  <system-out/>
  <testcase classname="com.gms.testcases.GenerateInvoiceTest" name="changeInvoiceTest" time="39.488"/>
  <system-out/>
  <testcase classname="com.gms.testcases.GenerateInvoiceTest" name="generateTaxInvoiceTest" time="15.170"/>
  <system-out/>
</testsuite> <!-- com.gms.testcases.GenerateInvoiceTest -->
