<?xml version="1.0" encoding="UTF-8"?>
<!-- Generated by org.testng.reporters.JUnitReportReporter -->
<testsuite hostname="DESKTOP-OU2S2IO" failures="0" tests="1" name="com.gms.testcases.InsuranceProviderTest" time="199.773" errors="0" timestamp="2023-08-31T18:33:57 IST" skipped="0">
  <testcase classname="com.gms.testcases.InsuranceProviderTest" name="addInsuranceProvider" time="199.773"/>
  <system-out/>
</testsuite> <!-- com.gms.testcases.InsuranceProviderTest -->
